<?xml version="1.0" encoding="utf-8"?><testsuites name="pytest tests"><testsuite name="pytest" errors="0" failures="0" skipped="0" tests="70" time="5.706" timestamp="2026-04-09T13:36:53.498650-03:00" hostname="ddcx"><testcase classname="tests.unit.test_models.TestExpense" name="test_create_expense" file="tests/unit/test_models.py" line="36" time="0.218" /><testcase classname="tests.unit.test_models.TestExpense" name="test_expense_str" file="tests/unit/test_models.py" line="50" time="0.115" /><testcase classname="tests.unit.test_models.TestDeposit" name="test_create_deposit" file="tests/unit/test_models.py" line="61" time="0.115" /><testcase classname="tests.unit.test_models.TestTransfer" name="test_create_transfer_linked_to_deposit" file="tests/unit/test_models.py" line="80" time="0.113" /><testcase classname="tests.unit.test_models.TestTransfer" name="test_transfer_str" file="tests/unit/test_models.py" line="100" time="0.112" /><testcase classname="tests.unit.test_models.TestLookupModels" name="test_currency_str" file="tests/unit/test_models.py" line="122" time="0.001" /><testcase classname="tests.unit.test_models.TestLookupModels" name="test_company_str" file="tests/unit/test_models.py" line="126" time="0.001" /><testcase classname="tests.unit.test_models.TestLookupModels" name="test_bank_str" file="tests/unit/test_models.py" line="129" time="0.001" /><testcase classname="tests.unit.test_models.TestNfeSample" name="test_nfe_sample_str" file="tests/unit/test_models.py" line="134" time="0.112" /><testcase classname="tests.unit.test_models.TestNfeSample" name="test_nfe_sample_str_no_description" file="tests/unit/test_models.py" line="140" time="0.111" /><testcase classname="tests.unit.test_serializers.TestExpenseSerializer" name="test_valid_expense" file="tests/unit/test_serializers.py" line="45" time="0.002" /><testcase classname="tests.unit.test_serializers.TestExpenseSerializer" name="test_invalid_category" file="tests/unit/test_serializers.py" line="51" time="0.001" /><testcase classname="tests.unit.test_serializers.TestExpenseSerializer" name="test_has_receipt_file_flag" file="tests/unit/test_serializers.py" line="57" time="0.111" /><testcase classname="tests.unit.test_serializers.TestDepositSerializer" name="test_valid_deposit" file="tests/unit/test_serializers.py" line="70" time="0.002" /><testcase classname="tests.unit.test_serializers.TestDepositSerializer" name="test_has_file_flags" file="tests/unit/test_serializers.py" line="82" time="0.112" /><testcase classname="tests.unit.test_serializers.TestTransferSerializer" name="test_valid_transfer" file="tests/unit/test_serializers.py" line="89" time="0.112" /><testcase classname="tests.unit.test_serializers.TestTransferSerializer" name="test_has_transfer_file_flag" file="tests/unit/test_serializers.py" line="99" time="0.112" /><testcase classname="tests.unit.test_services.TestPtaxService" name="test_get_ptax_rate_success" file="tests/unit/test_services.py" line="18" time="0.001" /><testcase classname="tests.unit.test_services.TestPtaxService" name="test_get_ptax_rate_api_error" file="tests/unit/test_services.py" line="28" time="0.001" /><testcase classname="tests.unit.test_services.TestPtaxService" name="test_get_ptax_rate_empty_response" file="tests/unit/test_services.py" line="34" time="0.001" /><testcase classname="tests.unit.test_services.TestDashboardService" name="test_dashboard_data_empty" file="tests/unit/test_services.py" line="45" time="0.003" /><testcase classname="tests.unit.test_services.TestDashboardService" name="test_dashboard_data_with_records" file="tests/unit/test_services.py" line="53" time="0.113" /><testcase classname="tests.unit.test_views.TestLoginView" name="test_login_success" file="tests/unit/test_views.py" line="77" time="0.231" /><testcase classname="tests.unit.test_views.TestLoginView" name="test_login_invalid_credentials" file="tests/unit/test_views.py" line="84" time="0.112" /><testcase classname="tests.unit.test_views.TestLogoutView" name="test_logout" file="tests/unit/test_views.py" line="91" time="0.112" /><testcase classname="tests.unit.test_views.TestMeView" name="test_me" file="tests/unit/test_views.py" line="97" time="0.112" /><testcase classname="tests.unit.test_views.TestDashboardView" name="test_dashboard_with_ptax" file="tests/unit/test_views.py" line="107" time="0.114" /><testcase classname="tests.unit.test_views.TestDashboardView" name="test_dashboard_without_ptax" file="tests/unit/test_views.py" line="114" time="0.115" /><testcase classname="tests.unit.test_views.TestExpenseViewSet" name="test_create" file="tests/unit/test_views.py" line="126" time="0.113" /><testcase classname="tests.unit.test_views.TestExpenseViewSet" name="test_create_invalid" file="tests/unit/test_views.py" line="137" time="0.114" /><testcase classname="tests.unit.test_views.TestExpenseViewSet" name="test_list" file="tests/unit/test_views.py" line="141" time="0.128" /><testcase classname="tests.unit.test_views.TestExpenseViewSet" name="test_list_with_filters" file="tests/unit/test_views.py" line="154" time="0.115" /><testcase classname="tests.unit.test_views.TestExpenseViewSet" name="test_retrieve" file="tests/unit/test_views.py" line="167" time="0.128" /><testcase classname="tests.unit.test_views.TestExpenseViewSet" name="test_update" file="tests/unit/test_views.py" line="179" time="0.116" /><testcase classname="tests.unit.test_views.TestExpenseViewSet" name="test_update_invalid" file="tests/unit/test_views.py" line="199" time="0.114" /><testcase classname="tests.unit.test_views.TestExpenseViewSet" name="test_delete" file="tests/unit/test_views.py" line="216" time="0.115" /><testcase classname="tests.unit.test_views.TestExpenseViewSet" name="test_viewer_cannot_create" file="tests/unit/test_views.py" line="228" time="0.126" /><testcase classname="tests.unit.test_views.TestExpenseFileUpload" name="test_create_with_receipt" file="tests/unit/test_views.py" line="244" time="0.115" /><testcase classname="tests.unit.test_views.TestExpenseFileUpload" name="test_update_with_receipt" file="tests/unit/test_views.py" line="260" time="0.115" /><testcase classname="tests.unit.test_views.TestExpenseFileView" name="test_download" file="tests/unit/test_views.py" line="275" time="0.113" /><testcase classname="tests.unit.test_views.TestExpenseFileView" name="test_download_404" file="tests/unit/test_views.py" line="287" time="0.112" /><testcase classname="tests.unit.test_views.TestDepositViewSet" name="test_create" file="tests/unit/test_views.py" line="312" time="0.114" /><testcase classname="tests.unit.test_views.TestDepositViewSet" name="test_list_with_filters" file="tests/unit/test_views.py" line="316" time="0.115" /><testcase classname="tests.unit.test_views.TestDepositViewSet" name="test_update" file="tests/unit/test_views.py" line="322" time="0.115" /><testcase classname="tests.unit.test_views.TestDepositViewSet" name="test_delete" file="tests/unit/test_views.py" line="328" time="0.119" /><testcase classname="tests.unit.test_views.TestDepositFileView" name="test_download_nfe" file="tests/unit/test_views.py" line="338" time="0.112" /><testcase classname="tests.unit.test_views.TestDepositFileView" name="test_download_invoice" file="tests/unit/test_views.py" line="351" time="0.112" /><testcase classname="tests.unit.test_views.TestDepositFileView" name="test_download_invalid_type" file="tests/unit/test_views.py" line="364" time="0.112" /><testcase classname="tests.unit.test_views.TestDepositFileView" name="test_download_missing_file" file="tests/unit/test_views.py" line="368" time="0.112" /><testcase classname="tests.unit.test_views.TestTransferViewSet" name="test_create" file="tests/unit/test_views.py" line="377" time="0.116" /><testcase classname="tests.unit.test_views.TestTransferViewSet" name="test_list_with_filters" file="tests/unit/test_views.py" line="389" time="0.116" /><testcase classname="tests.unit.test_views.TestTransferViewSet" name="test_update" file="tests/unit/test_views.py" line="403" time="0.115" /><testcase classname="tests.unit.test_views.TestTransferViewSet" name="test_delete" file="tests/unit/test_views.py" line="424" time="0.114" /><testcase classname="tests.unit.test_views.TestTransferFileView" name="test_download" file="tests/unit/test_views.py" line="442" time="0.113" /><testcase classname="tests.unit.test_views.TestTransferFileView" name="test_download_404" file="tests/unit/test_views.py" line="455" time="0.112" /><testcase classname="tests.unit.test_views.TestNfeSampleViewSet" name="test_create" file="tests/unit/test_views.py" line="471" time="0.112" /><testcase classname="tests.unit.test_views.TestNfeSampleViewSet" name="test_list_with_filters" file="tests/unit/test_views.py" line="481" time="0.114" /><testcase classname="tests.unit.test_constants.TestVariables" name="test_app_name" file="tests/unit/test_constants.py" line="4" time="0.000" /><testcase classname="tests.unit.test_constants.TestVariables" name="test_app_version" file="tests/unit/test_constants.py" line="7" time="0.000" /><testcase classname="tests.unit.test_constants.TestVariables" name="test_app_description" file="tests/unit/test_constants.py" line="10" time="0.000" /><testcase classname="tests.unit.test_constants.TestVariables" name="test_app_author" file="tests/unit/test_constants.py" line="13" time="0.000" /><testcase classname="tests.unit.test_constants.TestVariables" name="test_app_email" file="tests/unit/test_constants.py" line="16" time="0.000" /><testcase classname="tests.unit.test_constants.TestVariables" name="test_app_license" file="tests/unit/test_constants.py" line="19" time="0.000" /><testcase classname="tests.unit.test_permissions.TestIsAdminOrReadOnly" name="test_safe_methods_allowed_for_viewer" file="tests/unit/test_permissions.py" line="8" time="0.001" /><testcase classname="tests.unit.test_permissions.TestIsAdminOrReadOnly" name="test_unsafe_methods_denied_for_viewer" file="tests/unit/test_permissions.py" line="14" time="0.000" /><testcase classname="tests.unit.test_permissions.TestIsAdminOrReadOnly" name="test_unsafe_methods_allowed_for_admin" file="tests/unit/test_permissions.py" line="20" time="0.000" /><testcase classname="tests.unit.test_permissions.TestIsAdminOrReadOnly" name="test_head_method_allowed_for_viewer" file="tests/unit/test_permissions.py" line="26" time="0.000" /><testcase classname="tests.unit.test_permissions.TestIsAdminOrReadOnly" name="test_options_method_allowed_for_viewer" file="tests/unit/test_permissions.py" line="32" time="0.000" /><testcase classname="tests.unit.test_permissions.TestIsAdminOrReadOnly" name="test_put_denied_for_viewer" file="tests/unit/test_permissions.py" line="38" time="0.000" /><testcase classname="tests.unit.test_permissions.TestIsAdminOrReadOnly" name="test_delete_denied_for_viewer" file="tests/unit/test_permissions.py" line="44" time="0.001" /></testsuite></testsuites>