<?xml version="1.0" encoding="utf-8"?><testsuites name="pytest tests"><testsuite name="pytest" errors="0" failures="0" skipped="0" tests="28" time="1.461" timestamp="2026-04-06T19:14:16.252401-03:00" hostname="ddcx"><testcase classname="tests.unit.test_models.TestExpense" name="test_create_expense" file="tests/unit/test_models.py" line="36" time="0.220" /><testcase classname="tests.unit.test_models.TestExpense" name="test_expense_str" file="tests/unit/test_models.py" line="50" time="0.115" /><testcase classname="tests.unit.test_models.TestDeposit" name="test_create_deposit" file="tests/unit/test_models.py" line="61" time="0.112" /><testcase classname="tests.unit.test_models.TestTransfer" name="test_create_transfer_linked_to_deposit" file="tests/unit/test_models.py" line="80" time="0.111" /><testcase classname="tests.unit.test_models.TestTransfer" name="test_transfer_str" file="tests/unit/test_models.py" line="100" time="0.116" /><testcase classname="tests.unit.test_models.TestLookupModels" name="test_currency_str" file="tests/unit/test_models.py" line="122" time="0.001" /><testcase classname="tests.unit.test_models.TestLookupModels" name="test_company_str" file="tests/unit/test_models.py" line="126" time="0.001" /><testcase classname="tests.unit.test_models.TestLookupModels" name="test_bank_str" file="tests/unit/test_models.py" line="129" time="0.001" /><testcase classname="tests.unit.test_models.TestNfeSample" name="test_nfe_sample_str" file="tests/unit/test_models.py" line="134" time="0.111" /><testcase classname="tests.unit.test_models.TestNfeSample" name="test_nfe_sample_str_no_description" file="tests/unit/test_models.py" line="140" time="0.111" /><testcase classname="tests.unit.test_serializers.TestExpenseSerializer" name="test_valid_expense" file="tests/unit/test_serializers.py" line="45" time="0.002" /><testcase classname="tests.unit.test_serializers.TestExpenseSerializer" name="test_invalid_category" file="tests/unit/test_serializers.py" line="51" time="0.001" /><testcase classname="tests.unit.test_serializers.TestDepositSerializer" name="test_valid_deposit" file="tests/unit/test_serializers.py" line="59" time="0.002" /><testcase classname="tests.unit.test_serializers.TestDepositSerializer" name="test_has_file_flags" file="tests/unit/test_serializers.py" line="71" time="0.113" /><testcase classname="tests.unit.test_serializers.TestTransferSerializer" name="test_valid_transfer" file="tests/unit/test_serializers.py" line="78" time="0.113" /><testcase classname="tests.unit.test_serializers.TestTransferSerializer" name="test_has_transfer_file_flag" file="tests/unit/test_serializers.py" line="88" time="0.113" /><testcase classname="tests.unit.test_services.TestPtaxService" name="test_get_ptax_rate_success" file="tests/unit/test_services.py" line="18" time="0.002" /><testcase classname="tests.unit.test_services.TestPtaxService" name="test_get_ptax_rate_api_error" file="tests/unit/test_services.py" line="28" time="0.001" /><testcase classname="tests.unit.test_services.TestPtaxService" name="test_get_ptax_rate_empty_response" file="tests/unit/test_services.py" line="34" time="0.001" /><testcase classname="tests.unit.test_services.TestDashboardService" name="test_dashboard_data_empty" file="tests/unit/test_services.py" line="45" time="0.004" /><testcase classname="tests.unit.test_services.TestDashboardService" name="test_dashboard_data_with_records" file="tests/unit/test_services.py" line="53" time="0.115" /><testcase classname="tests.unit.test_permissions.TestIsAdminOrReadOnly" name="test_safe_methods_allowed_for_viewer" file="tests/unit/test_permissions.py" line="8" time="0.001" /><testcase classname="tests.unit.test_permissions.TestIsAdminOrReadOnly" name="test_unsafe_methods_denied_for_viewer" file="tests/unit/test_permissions.py" line="14" time="0.000" /><testcase classname="tests.unit.test_permissions.TestIsAdminOrReadOnly" name="test_unsafe_methods_allowed_for_admin" file="tests/unit/test_permissions.py" line="20" time="0.000" /><testcase classname="tests.unit.test_permissions.TestIsAdminOrReadOnly" name="test_head_method_allowed_for_viewer" file="tests/unit/test_permissions.py" line="26" time="0.000" /><testcase classname="tests.unit.test_permissions.TestIsAdminOrReadOnly" name="test_options_method_allowed_for_viewer" file="tests/unit/test_permissions.py" line="32" time="0.000" /><testcase classname="tests.unit.test_permissions.TestIsAdminOrReadOnly" name="test_put_denied_for_viewer" file="tests/unit/test_permissions.py" line="38" time="0.001" /><testcase classname="tests.unit.test_permissions.TestIsAdminOrReadOnly" name="test_delete_denied_for_viewer" file="tests/unit/test_permissions.py" line="44" time="0.001" /></testsuite></testsuites>